2018-11-17T06:28:21+00:00 CRITICAL syntax error, unexpected end of file in C:\xampp\htdocs\test\wp-content\themes\nextcore\core\inc\lib\hook\hook-google-fonts.php on line 24

2018-11-17T07:02:42+00:00 CRITICAL syntax error, unexpected 'function' (T_FUNCTION) in C:\xampp\htdocs\test\wp-content\themes\nextcore\core\inc\lib\function-default.php on line 199

2018-11-17T07:02:50+00:00 CRITICAL syntax error, unexpected 'function' (T_FUNCTION) in C:\xampp\htdocs\test\wp-content\themes\nextcore\core\inc\lib\function-default.php on line 199

2018-11-17T07:28:12+00:00 CRITICAL Cannot redeclare core__google_fonts_style() (previously declared in C:\xampp\htdocs\test\wp-content\themes\nextcore\core\inc\lib\function-default.php:199) in C:\xampp\htdocs\test\wp-content\themes\nextcore\core\inc\lib\function-default.php on line 203

2018-11-17T08:57:50+00:00 CRITICAL Uncaught Error: Call to undefined method NextCore::hook() in C:\xampp\htdocs\test\wp-content\themes\nextcore\core\core.php:10
Stack trace:
#0 C:\xampp\htdocs\test\wp-content\themes\nextcore\core\core.php(28): NextCore::getInstance()
#1 C:\xampp\htdocs\test\wp-content\themes\nextcore\core\core.php(31): getNextCore()
#2 C:\xampp\htdocs\test\wp-content\themes\nextcore\functions.php(2): include('C:\\xampp\\htdocs...')
#3 C:\xampp\htdocs\test\wp-settings.php(426): include('C:\\xampp\\htdocs...')
#4 C:\xampp\htdocs\test\wp-config.php(89): require_once('C:\\xampp\\htdocs...')
#5 C:\xampp\htdocs\test\wp-load.php(37): require_once('C:\\xampp\\htdocs...')
#6 C:\xampp\htdocs\test\wp-admin\admin.php(31): require_once('C:\\xampp\\htdocs...')
#7 C:\xampp\htdocs\test\wp-admin\post-new.php(10): require_once('C:\\xampp\\htdocs...')
#8 {main}
  thrown in C:\xampp\htdocs\test\wp-content\themes\nextcore\core\core.php on line 10

2018-11-17T14:19:34+00:00 CRITICAL Cannot redeclare nextcore_custom_header_setup() (previously declared in C:\xampp\htdocs\test\wp-content\themes\nextcore\core\inc\lib\inc\custom-header.php:20) in C:\xampp\htdocs\test\wp-content\themes\nextcore\core\inc\lib\inc\custom-header.php on line 28

2018-11-17T14:19:47+00:00 CRITICAL Cannot redeclare nextcore_custom_header_setup() (previously declared in C:\xampp\htdocs\test\wp-content\themes\nextcore\core\inc\lib\inc\custom-header.php:20) in C:\xampp\htdocs\test\wp-content\themes\nextcore\core\inc\lib\inc\custom-header.php on line 28

2018-11-17T14:20:33+00:00 CRITICAL Cannot redeclare nextcore_custom_header_setup() (previously declared in C:\xampp\htdocs\test\wp-content\themes\nextcore\core\inc\lib\inc\custom-header.php:20) in C:\xampp\htdocs\test\wp-content\themes\nextcore\core\inc\lib\inc\custom-header.php on line 28

2018-11-17T14:20:58+00:00 CRITICAL Uncaught Error: Call to undefined method NextCore::setup() in C:\xampp\htdocs\test\wp-content\themes\nextcore\core\core.php:11
Stack trace:
#0 C:\xampp\htdocs\test\wp-content\themes\nextcore\core\core.php(31): NextCore::getInstance()
#1 C:\xampp\htdocs\test\wp-content\themes\nextcore\core\core.php(34): getNextCore()
#2 C:\xampp\htdocs\test\wp-content\themes\nextcore\functions.php(2): include('C:\\xampp\\htdocs...')
#3 C:\xampp\htdocs\test\wp-settings.php(426): include('C:\\xampp\\htdocs...')
#4 C:\xampp\htdocs\test\wp-config.php(89): require_once('C:\\xampp\\htdocs...')
#5 C:\xampp\htdocs\test\wp-load.php(37): require_once('C:\\xampp\\htdocs...')
#6 C:\xampp\htdocs\test\wp-admin\admin.php(31): require_once('C:\\xampp\\htdocs...')
#7 C:\xampp\htdocs\test\wp-admin\edit-tags.php(10): require_once('C:\\xampp\\htdocs...')
#8 {main}
  thrown in C:\xampp\htdocs\test\wp-content\themes\nextcore\core\core.php on line 11

2018-11-17T14:32:43+00:00 CRITICAL require(): Failed opening required 'C:\xampp\htdocs\test/wp-content/themes/nextcore/inc/custom-header.php' (include_path='C:\xampp\php\PEAR') in C:\xampp\htdocs\test\wp-content\themes\nextcore\core\inc\lib\function-default.php on line 134

2018-11-17T18:17:43+00:00 CRITICAL require(): Failed opening required 'C:\xampp\htdocs\test/wp-content/themes/nextcore/inc/custom-header.php' (include_path='C:\xampp\php\PEAR') in C:\xampp\htdocs\test\wp-content\themes\nextcore\functions.php on line 124

2018-11-17T18:18:17+00:00 CRITICAL require(): Failed opening required 'C:\xampp\htdocs\test/wp-content/themes/nextcore/inc/custom-header.php' (include_path='C:\xampp\php\PEAR') in C:\xampp\htdocs\test\wp-content\themes\nextcore\functions.php on line 124

2018-11-17T18:28:48+00:00 CRITICAL Uncaught Error: Call to undefined function core_paginate() in C:\xampp\htdocs\test\wp-content\themes\nextcore\core\inc\lib\hook\hook-loop-post.php:41
Stack trace:
#0 C:\xampp\htdocs\test\wp-includes\class-wp-hook.php(286): hook_pagination_default('')
#1 C:\xampp\htdocs\test\wp-includes\class-wp-hook.php(310): WP_Hook->apply_filters('', Array)
#2 C:\xampp\htdocs\test\wp-includes\plugin.php(453): WP_Hook->do_action(Array)
#3 C:\xampp\htdocs\test\wp-content\themes\nextcore\index.php(50): do_action('hook_pagination')
#4 C:\xampp\htdocs\test\wp-includes\template-loader.php(74): include('C:\\xampp\\htdocs...')
#5 C:\xampp\htdocs\test\wp-blog-header.php(19): require_once('C:\\xampp\\htdocs...')
#6 C:\xampp\htdocs\test\index.php(17): require('C:\\xampp\\htdocs...')
#7 {main}
  thrown in C:\xampp\htdocs\test\wp-content\themes\nextcore\core\inc\lib\hook\hook-loop-post.php on line 41

